2015/02/12 01:44:07 [error] [system.db.CDbCommand] CDbCommand::execute() failed: SQLSTATE[23000]: Integrity constraint violation: 1452 Cannot add or update a child row: a foreign key constraint fails (`revista`.`articulo`, CONSTRAINT `fk_articulo_indice_articulo_1` FOREIGN KEY (`id_indice_articulo`) REFERENCES `indice_articulo` (`id_indice_articulo`) ON DELETE NO ACTION ON UPDATE NO ACTION). The SQL statement executed was: INSERT INTO `articulo` (`nombre`, `resumen`, `abstrac`, `introduccion`, `metodologia`, `contenido`, `fecha_creacion`, `archivo_pdf`, `id_status`, `conclusiones`, `agradecimientos`, `referencias`, `id_indice_articulo`) VALUES (:yp0, :yp1, :yp2, :yp3, :yp4, :yp5, :yp6, :yp7, :yp8, :yp9, :yp10, :yp11, :yp12).
in C:\xampp\htdocs\topicos\yii\revista\protected\controllers\ArticuloController.php (73)
in C:\xampp\htdocs\topicos\yii\revista\index.php (13)
2015/02/12 01:44:07 [error] [exception.CDbException] exception 'CDbException' with message 'CDbCommand failed to execute the SQL statement: SQLSTATE[23000]: Integrity constraint violation: 1452 Cannot add or update a child row: a foreign key constraint fails (`revista`.`articulo`, CONSTRAINT `fk_articulo_indice_articulo_1` FOREIGN KEY (`id_indice_articulo`) REFERENCES `indice_articulo` (`id_indice_articulo`) ON DELETE NO ACTION ON UPDATE NO ACTION). The SQL statement executed was: INSERT INTO `articulo` (`nombre`, `resumen`, `abstrac`, `introduccion`, `metodologia`, `contenido`, `fecha_creacion`, `archivo_pdf`, `id_status`, `conclusiones`, `agradecimientos`, `referencias`, `id_indice_articulo`) VALUES (:yp0, :yp1, :yp2, :yp3, :yp4, :yp5, :yp6, :yp7, :yp8, :yp9, :yp10, :yp11, :yp12)' in C:\xampp\htdocs\topicos\yii\framework\db\CDbCommand.php:358
Stack trace:
#0 C:\xampp\htdocs\topicos\yii\framework\db\ar\CActiveRecord.php(1080): CDbCommand->execute()
#1 C:\xampp\htdocs\topicos\yii\framework\db\ar\CActiveRecord.php(809): CActiveRecord->insert(NULL)
#2 C:\xampp\htdocs\topicos\yii\revista\protected\controllers\ArticuloController.php(73): CActiveRecord->save()
#3 C:\xampp\htdocs\topicos\yii\framework\web\actions\CInlineAction.php(49): ArticuloController->actionCreate()
#4 C:\xampp\htdocs\topicos\yii\framework\web\CController.php(308): CInlineAction->runWithParams(Array)
#5 C:\xampp\htdocs\topicos\yii\framework\web\filters\CFilterChain.php(133): CController->runAction(Object(CInlineAction))
#6 C:\xampp\htdocs\topicos\yii\framework\web\filters\CFilter.php(40): CFilterChain->run()
#7 C:\xampp\htdocs\topicos\yii\framework\web\CController.php(1145): CFilter->filter(Object(CFilterChain))
#8 C:\xampp\htdocs\topicos\yii\framework\web\filters\CInlineFilter.php(58): CController->filterAccessControl(Object(CFilterChain))
#9 C:\xampp\htdocs\topicos\yii\framework\web\filters\CFilterChain.php(130): CInlineFilter->filter(Object(CFilterChain))
#10 C:\xampp\htdocs\topicos\yii\framework\web\CController.php(291): CFilterChain->run()
#11 C:\xampp\htdocs\topicos\yii\framework\web\CController.php(265): CController->runActionWithFilters(Object(CInlineAction), Array)
#12 C:\xampp\htdocs\topicos\yii\framework\web\CWebApplication.php(282): CController->run('create')
#13 C:\xampp\htdocs\topicos\yii\framework\web\CWebApplication.php(141): CWebApplication->runController('articulo/create')
#14 C:\xampp\htdocs\topicos\yii\framework\base\CApplication.php(184): CWebApplication->processRequest()
#15 C:\xampp\htdocs\topicos\yii\revista\index.php(13): CApplication->run()
#16 {main}
REQUEST_URI=/topicos/yii/revista/index.php?r=articulo/create
HTTP_REFERER=http://localhost/topicos/yii/revista/index.php?r=articulo/create
---
2015/02/14 00:54:36 [error] [system.db.CDbCommand] CDbCommand::execute() failed: SQLSTATE[23000]: Integrity constraint violation: 1452 Cannot add or update a child row: a foreign key constraint fails (`revista`.`articulo_autor`, CONSTRAINT `fk_articulo_autor` FOREIGN KEY (`id_autor`) REFERENCES `autor` (`id_autor`) ON DELETE NO ACTION ON UPDATE NO ACTION). The SQL statement executed was: INSERT INTO `articulo_autor` (`id_articulo`, `id_autor`) VALUES (:yp0, :yp1).
in C:\xampp\htdocs\topicos\yii\revista\protected\controllers\ArticuloAutorController.php (73)
in C:\xampp\htdocs\topicos\yii\revista\index.php (13)
2015/02/14 00:54:36 [error] [exception.CDbException] exception 'CDbException' with message 'CDbCommand failed to execute the SQL statement: SQLSTATE[23000]: Integrity constraint violation: 1452 Cannot add or update a child row: a foreign key constraint fails (`revista`.`articulo_autor`, CONSTRAINT `fk_articulo_autor` FOREIGN KEY (`id_autor`) REFERENCES `autor` (`id_autor`) ON DELETE NO ACTION ON UPDATE NO ACTION). The SQL statement executed was: INSERT INTO `articulo_autor` (`id_articulo`, `id_autor`) VALUES (:yp0, :yp1)' in C:\xampp\htdocs\topicos\yii\framework\db\CDbCommand.php:358
Stack trace:
#0 C:\xampp\htdocs\topicos\yii\framework\db\ar\CActiveRecord.php(1080): CDbCommand->execute()
#1 C:\xampp\htdocs\topicos\yii\framework\db\ar\CActiveRecord.php(809): CActiveRecord->insert(NULL)
#2 C:\xampp\htdocs\topicos\yii\revista\protected\controllers\ArticuloAutorController.php(73): CActiveRecord->save()
#3 C:\xampp\htdocs\topicos\yii\framework\web\actions\CInlineAction.php(49): ArticuloAutorController->actionCreate()
#4 C:\xampp\htdocs\topicos\yii\framework\web\CController.php(308): CInlineAction->runWithParams(Array)
#5 C:\xampp\htdocs\topicos\yii\framework\web\filters\CFilterChain.php(133): CController->runAction(Object(CInlineAction))
#6 C:\xampp\htdocs\topicos\yii\framework\web\filters\CFilter.php(40): CFilterChain->run()
#7 C:\xampp\htdocs\topicos\yii\framework\web\CController.php(1145): CFilter->filter(Object(CFilterChain))
#8 C:\xampp\htdocs\topicos\yii\framework\web\filters\CInlineFilter.php(58): CController->filterAccessControl(Object(CFilterChain))
#9 C:\xampp\htdocs\topicos\yii\framework\web\filters\CFilterChain.php(130): CInlineFilter->filter(Object(CFilterChain))
#10 C:\xampp\htdocs\topicos\yii\framework\web\CController.php(291): CFilterChain->run()
#11 C:\xampp\htdocs\topicos\yii\framework\web\CController.php(265): CController->runActionWithFilters(Object(CInlineAction), Array)
#12 C:\xampp\htdocs\topicos\yii\framework\web\CWebApplication.php(282): CController->run('create')
#13 C:\xampp\htdocs\topicos\yii\framework\web\CWebApplication.php(141): CWebApplication->runController('articuloAutor/c...')
#14 C:\xampp\htdocs\topicos\yii\framework\base\CApplication.php(184): CWebApplication->processRequest()
#15 C:\xampp\htdocs\topicos\yii\revista\index.php(13): CApplication->run()
#16 {main}
REQUEST_URI=/topicos/yii/revista/index.php?r=articuloAutor/create
HTTP_REFERER=http://localhost/topicos/yii/revista/index.php?r=articuloAutor/create
---
